{
  "RSpec": {
    "coverage": {
      "/root/rails_projects/project_manager/app/controllers/application_controller.rb": {
        "lines": [
          1,
          1,
          1,
          null,
          1,
          1,
          null,
          1,
          null,
          1,
          1,
          null,
          null,
          1,
          1,
          null,
          null
        ]
      },
      "/root/rails_projects/project_manager/app/controllers/projects_controller.rb": {
        "lines": [
          1,
          1,
          1,
          1,
          3,
          null,
          null,
          1,
          2,
          null,
          null,
          1,
          3,
          3,
          3,
          2,
          null,
          1,
          null,
          null,
          null,
          1,
          null,
          null,
          1,
          2,
          1,
          null,
          1,
          null,
          null,
          null,
          1,
          1,
          1,
          null,
          null,
          null,
          1,
          1,
          5,
          null,
          null,
          1,
          9,
          null,
          null
        ]
      },
      "/root/rails_projects/project_manager/app/controllers/tasks_controller.rb": {
        "lines": [
          1,
          1,
          1,
          null,
          1,
          3,
          3,
          2,
          null,
          1,
          null,
          null,
          null,
          1,
          3,
          null,
          3,
          2,
          null,
          1,
          null,
          null,
          null,
          1,
          1,
          1,
          1,
          null,
          null,
          1,
          null,
          1,
          7,
          null,
          null,
          1,
          6,
          null,
          null
        ]
      },
      "/root/rails_projects/project_manager/app/helpers/application_helper.rb": {
        "lines": [
          1,
          null
        ]
      },
      "/root/rails_projects/project_manager/app/helpers/projects_helper.rb": {
        "lines": [
          1,
          null
        ]
      },
      "/root/rails_projects/project_manager/app/helpers/tasks_helper.rb": {
        "lines": [
          1,
          null
        ]
      },
      "/root/rails_projects/project_manager/app/models/application_record.rb": {
        "lines": [
          1,
          1,
          1,
          null,
          1,
          null,
          1,
          67,
          null,
          null
        ]
      },
      "/root/rails_projects/project_manager/app/models/project.rb": {
        "lines": [
          1,
          1,
          1,
          1,
          null
        ]
      },
      "/root/rails_projects/project_manager/app/models/task.rb": {
        "lines": [
          1,
          1,
          null,
          1,
          1,
          1,
          null,
          1,
          42,
          37,
          null,
          2,
          null,
          4,
          1,
          null,
          null,
          3,
          1,
          null,
          null,
          3,
          1,
          null,
          null,
          2,
          1,
          null,
          null,
          null,
          null
        ]
      },
      "/root/rails_projects/project_manager/app/models/user.rb": {
        "lines": [
          1,
          1,
          null,
          null,
          1,
          null
        ]
      }
    },
    "timestamp": 1784137050
  }
}
